<?xml version="1.0" encoding="UTF-8"?>
<!-- Generated by org.testng.reporters.JUnitReportReporter -->
<testsuite skipped="0" hostname="DESKTOP-3MLRAML" name="TestRunner" tests="2" failures="0" timestamp="2021-09-28T14:40:18 EDT" time="23.176" errors="0">
  <testcase name="runScenario" time="17.132" classname="TestRunner"/>
  <system-out/>
  <testcase name="runScenario" time="6.044" classname="TestRunner"/>
  <system-out/>
</testsuite> <!-- TestRunner -->
