<?xml version="1.0" encoding="UTF-8"?>
<!-- Generated by org.testng.reporters.JUnitReportReporter -->
<testsuite skipped="0" hostname="DESKTOP-3MLRAML" name="TestRunner" tests="1" failures="0" timestamp="2021-09-25T10:36:09 EDT" time="6.578" errors="0">
  <testcase name="runScenario" time="6.578" classname="TestRunner"/>
  <system-out/>
</testsuite> <!-- TestRunner -->
