<?xml version="1.0" encoding="UTF-8"?>
<!-- Generated by org.testng.reporters.JUnitReportReporter -->
<testsuite skipped="0" hostname="DESKTOP-3MLRAML" name="TestRunner" tests="2" failures="0" timestamp="2021-09-27T13:01:11 EDT" time="7.954" errors="0">
  <testcase name="runScenario" time="6.396" classname="TestRunner"/>
  <system-out/>
  <testcase name="runScenario" time="1.558" classname="TestRunner"/>
  <system-out/>
</testsuite> <!-- TestRunner -->
